[
  {
    "line": 1,
    "elements": [
      {
        "start_timestamp": "2024-05-19T16:04:47.134Z",
        "before": [
          {
            "result": {
              "duration": 1977540000,
              "status": "passed"
            },
            "match": {
              "location": "utility.Hooks.setup()"
            }
          }
        ],
        "line": 3,
        "name": "Login Successfull",
        "description": "",
        "id": "login;login-successfull",
        "after": [
          {
            "result": {
              "error_message": "java.lang.ClassCastException: class utility.BrowserDriver cannot be cast to class org.openqa.selenium.TakesScreenshot (utility.BrowserDriver and org.openqa.selenium.TakesScreenshot are in unnamed module of loader \u0027app\u0027)\r\n\tat utility.Hooks.screenshotFailedScenario(Hooks.java:32)\r\n",
              "duration": 1506900,
              "status": "failed"
            },
            "match": {
              "location": "utility.Hooks.screenshotFailedScenario(io.cucumber.java.Scenario)"
            }
          },
          {
            "result": {
              "error_message": "org.openqa.selenium.WebDriverException: disconnected: not connected to DevTools\n  (failed to check if window was closed: disconnected: not connected to DevTools)\n  (Session info: chrome\u003d124.0.6367.208)\nBuild info: version: \u00273.141.59\u0027, revision: \u0027e82be7d358\u0027, time: \u00272018-11-14T08:17:03\u0027\nSystem info: host: \u0027LAPTOP-F697RKB8\u0027, ip: \u0027192.168.100.16\u0027, os.name: \u0027Windows 10\u0027, os.arch: \u0027amd64\u0027, os.version: \u002710.0\u0027, java.version: \u002717.0.11\u0027\nDriver info: org.openqa.selenium.chrome.ChromeDriver\nCapabilities {acceptInsecureCerts: false, browserName: chrome, browserVersion: 124.0.6367.208, chrome: {chromedriverVersion: 124.0.6367.207 (a9001a6e39f..., userDataDir: C:\\Users\\faish\\AppData\\Loca...}, fedcm:accounts: true, goog:chromeOptions: {debuggerAddress: localhost:50860}, javascriptEnabled: true, networkConnectionEnabled: false, pageLoadStrategy: normal, platform: WINDOWS, platformName: WINDOWS, proxy: Proxy(), setWindowRect: true, strictFileInteractability: false, timeouts: {implicit: 0, pageLoad: 300000, script: 30000}, unhandledPromptBehavior: dismiss and notify, webauthn:extension:credBlob: true, webauthn:extension:largeBlob: true, webauthn:extension:minPinLength: true, webauthn:extension:prf: true, webauthn:virtualAuthenticators: true}\nSession ID: a5a9e2b919b3f6beaf99071b6ce53d8e\r\n\tat java.base/jdk.internal.reflect.NativeConstructorAccessorImpl.newInstance0(Native Method)\r\n\tat java.base/jdk.internal.reflect.NativeConstructorAccessorImpl.newInstance(NativeConstructorAccessorImpl.java:77)\r\n\tat java.base/jdk.internal.reflect.DelegatingConstructorAccessorImpl.newInstance(DelegatingConstructorAccessorImpl.java:45)\r\n\tat java.base/java.lang.reflect.Constructor.newInstanceWithCaller(Constructor.java:499)\r\n\tat java.base/java.lang.reflect.Constructor.newInstance(Constructor.java:480)\r\n\tat org.openqa.selenium.remote.http.W3CHttpResponseCodec.createException(W3CHttpResponseCodec.java:187)\r\n\tat org.openqa.selenium.remote.http.W3CHttpResponseCodec.decode(W3CHttpResponseCodec.java:122)\r\n\tat org.openqa.selenium.remote.http.W3CHttpResponseCodec.decode(W3CHttpResponseCodec.java:49)\r\n\tat org.openqa.selenium.remote.HttpCommandExecutor.execute(HttpCommandExecutor.java:158)\r\n\tat org.openqa.selenium.remote.service.DriverCommandExecutor.execute(DriverCommandExecutor.java:83)\r\n\tat org.openqa.selenium.remote.RemoteWebDriver.execute(RemoteWebDriver.java:552)\r\n\tat org.openqa.selenium.remote.RemoteWebDriver.execute(RemoteWebDriver.java:609)\r\n\tat org.openqa.selenium.remote.RemoteWebDriver.close(RemoteWebDriver.java:442)\r\n\tat utility.BrowserDriver.close(BrowserDriver.java:27)\r\n\tat utility.Hooks.tearDown(Hooks.java:25)\r\n",
              "duration": 28403300,
              "status": "failed"
            },
            "match": {
              "location": "utility.Hooks.tearDown()"
            }
          }
        ],
        "type": "scenario",
        "keyword": "Scenario",
        "steps": [
          {
            "result": {
              "duration": 1194435800,
              "status": "passed"
            },
            "line": 4,
            "name": "I am on the login page",
            "match": {
              "location": "StepDefinitions.LoginSteps.i_am_on_login_page()"
            },
            "keyword": "Given "
          },
          {
            "result": {
              "error_message": "org.openqa.selenium.WebDriverException: target frame detached\n  (failed to check if window was closed: disconnected: Unable to receive message from renderer)\n  (Session info: chrome\u003d124.0.6367.208)\nBuild info: version: \u00273.141.59\u0027, revision: \u0027e82be7d358\u0027, time: \u00272018-11-14T08:17:03\u0027\nSystem info: host: \u0027LAPTOP-F697RKB8\u0027, ip: \u0027192.168.100.16\u0027, os.name: \u0027Windows 10\u0027, os.arch: \u0027amd64\u0027, os.version: \u002710.0\u0027, java.version: \u002717.0.11\u0027\nDriver info: org.openqa.selenium.chrome.ChromeDriver\nCapabilities {acceptInsecureCerts: false, browserName: chrome, browserVersion: 124.0.6367.208, chrome: {chromedriverVersion: 124.0.6367.207 (a9001a6e39f..., userDataDir: C:\\Users\\faish\\AppData\\Loca...}, fedcm:accounts: true, goog:chromeOptions: {debuggerAddress: localhost:50860}, javascriptEnabled: true, networkConnectionEnabled: false, pageLoadStrategy: normal, platform: WINDOWS, platformName: WINDOWS, proxy: Proxy(), setWindowRect: true, strictFileInteractability: false, timeouts: {implicit: 0, pageLoad: 300000, script: 30000}, unhandledPromptBehavior: dismiss and notify, webauthn:extension:credBlob: true, webauthn:extension:largeBlob: true, webauthn:extension:minPinLength: true, webauthn:extension:prf: true, webauthn:virtualAuthenticators: true}\nSession ID: a5a9e2b919b3f6beaf99071b6ce53d8e\r\n\tat java.base/jdk.internal.reflect.NativeConstructorAccessorImpl.newInstance0(Native Method)\r\n\tat java.base/jdk.internal.reflect.NativeConstructorAccessorImpl.newInstance(NativeConstructorAccessorImpl.java:77)\r\n\tat java.base/jdk.internal.reflect.DelegatingConstructorAccessorImpl.newInstance(DelegatingConstructorAccessorImpl.java:45)\r\n\tat java.base/java.lang.reflect.Constructor.newInstanceWithCaller(Constructor.java:499)\r\n\tat java.base/java.lang.reflect.Constructor.newInstance(Constructor.java:480)\r\n\tat org.openqa.selenium.remote.http.W3CHttpResponseCodec.createException(W3CHttpResponseCodec.java:187)\r\n\tat org.openqa.selenium.remote.http.W3CHttpResponseCodec.decode(W3CHttpResponseCodec.java:122)\r\n\tat org.openqa.selenium.remote.http.W3CHttpResponseCodec.decode(W3CHttpResponseCodec.java:49)\r\n\tat org.openqa.selenium.remote.HttpCommandExecutor.execute(HttpCommandExecutor.java:158)\r\n\tat org.openqa.selenium.remote.service.DriverCommandExecutor.execute(DriverCommandExecutor.java:83)\r\n\tat org.openqa.selenium.remote.RemoteWebDriver.execute(RemoteWebDriver.java:552)\r\n\tat org.openqa.selenium.remote.RemoteWebElement.execute(RemoteWebElement.java:285)\r\n\tat org.openqa.selenium.remote.RemoteWebElement.sendKeys(RemoteWebElement.java:106)\r\n\tat pages.LoginPage.sendkeys_username(LoginPage.java:22)\r\n\tat StepDefinitions.LoginSteps.i_entered_my_username_and_password(LoginSteps.java:25)\r\n\tat ✽.I entered my username \"standard_user\" and password \"secret_sauce\"(file:///C:/POLBAN%20MATERI/SEMESTER%206/Pengujian%20Perangkat%20Lunak/Praktek/Week%2011/Automation-Web-Testing/src/test/java/features/Login.feature:5)\r\n",
              "duration": 399865700,
              "status": "failed"
            },
            "line": 5,
            "name": "I entered my username \"standard_user\" and password \"secret_sauce\"",
            "match": {
              "arguments": [
                {
                  "val": "\"standard_user\"",
                  "offset": 22
                },
                {
                  "val": "\"secret_sauce\"",
                  "offset": 51
                }
              ],
              "location": "StepDefinitions.LoginSteps.i_entered_my_username_and_password(java.lang.String,java.lang.String)"
            },
            "keyword": "When "
          },
          {
            "result": {
              "duration": 1062800,
              "status": "skipped"
            },
            "line": 6,
            "name": "I clicked on the login button",
            "match": {
              "location": "StepDefinitions.LoginSteps.i_clicked_login_button()"
            },
            "keyword": "And "
          },
          {
            "result": {
              "duration": 1627800,
              "status": "skipped"
            },
            "line": 7,
            "name": "I should be logged in successfully and redirected to the home page and should be able to view catalog of products",
            "match": {
              "location": "StepDefinitions.LoginSteps.i_should_be_logged_in_successfully_and_redirected_to_the_home_page_and_should_be_able_to_view_catalog_of_products()"
            },
            "keyword": "Then "
          }
        ]
      },
      {
        "start_timestamp": "2024-05-19T16:04:50.923Z",
        "before": [
          {
            "result": {
              "duration": 2466583300,
              "status": "passed"
            },
            "match": {
              "location": "utility.Hooks.setup()"
            }
          }
        ],
        "line": 9,
        "name": "Unsuccessful login with invalid password",
        "description": "",
        "id": "login;unsuccessful-login-with-invalid-password",
        "after": [
          {
            "result": {
              "error_message": "java.lang.ClassCastException: class utility.BrowserDriver cannot be cast to class org.openqa.selenium.TakesScreenshot (utility.BrowserDriver and org.openqa.selenium.TakesScreenshot are in unnamed module of loader \u0027app\u0027)\r\n\tat utility.Hooks.screenshotFailedScenario(Hooks.java:32)\r\n",
              "duration": 902100,
              "status": "failed"
            },
            "match": {
              "location": "utility.Hooks.screenshotFailedScenario(io.cucumber.java.Scenario)"
            }
          },
          {
            "result": {
              "duration": 335757900,
              "status": "passed"
            },
            "match": {
              "location": "utility.Hooks.tearDown()"
            }
          }
        ],
        "type": "scenario",
        "keyword": "Scenario",
        "steps": [
          {
            "result": {
              "duration": 922663500,
              "status": "passed"
            },
            "line": 10,
            "name": "I am on the login page",
            "match": {
              "location": "StepDefinitions.LoginSteps.i_am_on_login_page()"
            },
            "keyword": "Given "
          },
          {
            "result": {
              "duration": 282914500,
              "status": "passed"
            },
            "line": 11,
            "name": "I entered my username \"standard_user\" and password \"secret_nich\"",
            "match": {
              "arguments": [
                {
                  "val": "\"standard_user\"",
                  "offset": 22
                },
                {
                  "val": "\"secret_nich\"",
                  "offset": 51
                }
              ],
              "location": "StepDefinitions.LoginSteps.i_entered_my_username_and_password(java.lang.String,java.lang.String)"
            },
            "keyword": "When "
          },
          {
            "result": {
              "duration": 92396000,
              "status": "passed"
            },
            "line": 12,
            "name": "I clicked on the login button",
            "match": {
              "location": "StepDefinitions.LoginSteps.i_clicked_login_button()"
            },
            "keyword": "And "
          },
          {
            "result": {
              "error_message": "org.junit.ComparisonFailure: expected:\u003c[]Username and passwor...\u003e but was:\u003c[Epic sadface: ]Username and passwor...\u003e\r\n\tat org.junit.Assert.assertEquals(Assert.java:117)\r\n\tat org.junit.Assert.assertEquals(Assert.java:146)\r\n\tat StepDefinitions.LoginSteps.Result(LoginSteps.java:48)\r\n\tat ✽.I should see the error message \"Username and password do not match any user in this service\"(file:///C:/POLBAN%20MATERI/SEMESTER%206/Pengujian%20Perangkat%20Lunak/Praktek/Week%2011/Automation-Web-Testing/src/test/java/features/Login.feature:13)\r\n",
              "duration": 53446100,
              "status": "failed"
            },
            "line": 13,
            "name": "I should see the error message \"Username and password do not match any user in this service\"",
            "match": {
              "arguments": [
                {
                  "val": "\"Username and password do not match any user in this service\"",
                  "offset": 31
                }
              ],
              "location": "StepDefinitions.LoginSteps.Result(java.lang.String)"
            },
            "keyword": "Then "
          }
        ]
      },
      {
        "start_timestamp": "2024-05-19T16:04:55.210Z",
        "before": [
          {
            "result": {
              "duration": 3755197100,
              "status": "passed"
            },
            "match": {
              "location": "utility.Hooks.setup()"
            }
          }
        ],
        "line": 15,
        "name": "Unsuccessful login with invalid credentials. The username not registered.",
        "description": "",
        "id": "login;unsuccessful-login-with-invalid-credentials.-the-username-not-registered.",
        "after": [
          {
            "result": {
              "error_message": "java.lang.ClassCastException: class utility.BrowserDriver cannot be cast to class org.openqa.selenium.TakesScreenshot (utility.BrowserDriver and org.openqa.selenium.TakesScreenshot are in unnamed module of loader \u0027app\u0027)\r\n\tat utility.Hooks.screenshotFailedScenario(Hooks.java:32)\r\n",
              "duration": 1032600,
              "status": "failed"
            },
            "match": {
              "location": "utility.Hooks.screenshotFailedScenario(io.cucumber.java.Scenario)"
            }
          },
          {
            "result": {
              "duration": 102916200,
              "status": "passed"
            },
            "match": {
              "location": "utility.Hooks.tearDown()"
            }
          }
        ],
        "type": "scenario",
        "keyword": "Scenario",
        "steps": [
          {
            "result": {
              "duration": 1154595000,
              "status": "passed"
            },
            "line": 16,
            "name": "I am on the login page",
            "match": {
              "location": "StepDefinitions.LoginSteps.i_am_on_login_page()"
            },
            "keyword": "Given "
          },
          {
            "result": {
              "duration": 1613279600,
              "status": "passed"
            },
            "line": 17,
            "name": "I entered my username \"standard_nich\" and password \"secret_sauce\"",
            "match": {
              "arguments": [
                {
                  "val": "\"standard_nich\"",
                  "offset": 22
                },
                {
                  "val": "\"secret_sauce\"",
                  "offset": 51
                }
              ],
              "location": "StepDefinitions.LoginSteps.i_entered_my_username_and_password(java.lang.String,java.lang.String)"
            },
            "keyword": "When "
          },
          {
            "result": {
              "duration": 323763100,
              "status": "passed"
            },
            "line": 18,
            "name": "I clicked on the login button",
            "match": {
              "location": "StepDefinitions.LoginSteps.i_clicked_login_button()"
            },
            "keyword": "And "
          },
          {
            "result": {
              "error_message": "org.junit.ComparisonFailure: expected:\u003c[]Username and passwor...\u003e but was:\u003c[Epic sadface: ]Username and passwor...\u003e\r\n\tat org.junit.Assert.assertEquals(Assert.java:117)\r\n\tat org.junit.Assert.assertEquals(Assert.java:146)\r\n\tat StepDefinitions.LoginSteps.Result(LoginSteps.java:48)\r\n\tat ✽.I should see the error message \"Username and password do not match any user in this service\"(file:///C:/POLBAN%20MATERI/SEMESTER%206/Pengujian%20Perangkat%20Lunak/Praktek/Week%2011/Automation-Web-Testing/src/test/java/features/Login.feature:19)\r\n",
              "duration": 45495700,
              "status": "failed"
            },
            "line": 19,
            "name": "I should see the error message \"Username and password do not match any user in this service\"",
            "match": {
              "arguments": [
                {
                  "val": "\"Username and password do not match any user in this service\"",
                  "offset": 31
                }
              ],
              "location": "StepDefinitions.LoginSteps.Result(java.lang.String)"
            },
            "keyword": "Then "
          }
        ]
      },
      {
        "start_timestamp": "2024-05-19T16:05:02.238Z",
        "before": [
          {
            "result": {
              "duration": 2562885800,
              "status": "passed"
            },
            "match": {
              "location": "utility.Hooks.setup()"
            }
          }
        ],
        "line": 21,
        "name": "Unsuccessful login with filled username and empty password",
        "description": "",
        "id": "login;unsuccessful-login-with-filled-username-and-empty-password",
        "after": [
          {
            "result": {
              "error_message": "java.lang.ClassCastException: class utility.BrowserDriver cannot be cast to class org.openqa.selenium.TakesScreenshot (utility.BrowserDriver and org.openqa.selenium.TakesScreenshot are in unnamed module of loader \u0027app\u0027)\r\n\tat utility.Hooks.screenshotFailedScenario(Hooks.java:32)\r\n",
              "duration": 274000,
              "status": "failed"
            },
            "match": {
              "location": "utility.Hooks.screenshotFailedScenario(io.cucumber.java.Scenario)"
            }
          },
          {
            "result": {
              "duration": 271218600,
              "status": "passed"
            },
            "match": {
              "location": "utility.Hooks.tearDown()"
            }
          }
        ],
        "type": "scenario",
        "keyword": "Scenario",
        "steps": [
          {
            "result": {
              "duration": 792704300,
              "status": "passed"
            },
            "line": 22,
            "name": "I am on the login page",
            "match": {
              "location": "StepDefinitions.LoginSteps.i_am_on_login_page()"
            },
            "keyword": "Given "
          },
          {
            "result": {
              "duration": 464031800,
              "status": "passed"
            },
            "line": 23,
            "name": "I entered my username \"standard_nich\" and password \"\"",
            "match": {
              "arguments": [
                {
                  "val": "\"standard_nich\"",
                  "offset": 22
                },
                {
                  "val": "\"\"",
                  "offset": 51
                }
              ],
              "location": "StepDefinitions.LoginSteps.i_entered_my_username_and_password(java.lang.String,java.lang.String)"
            },
            "keyword": "When "
          },
          {
            "result": {
              "duration": 124615000,
              "status": "passed"
            },
            "line": 24,
            "name": "I clicked on the login button",
            "match": {
              "location": "StepDefinitions.LoginSteps.i_clicked_login_button()"
            },
            "keyword": "And "
          },
          {
            "result": {
              "error_message": "org.junit.ComparisonFailure: expected:\u003c[You need Password!]\u003e but was:\u003c[Epic sadface: Password is required]\u003e\r\n\tat org.junit.Assert.assertEquals(Assert.java:117)\r\n\tat org.junit.Assert.assertEquals(Assert.java:146)\r\n\tat StepDefinitions.LoginSteps.Result(LoginSteps.java:48)\r\n\tat ✽.I should see the error message \"You need Password!\"(file:///C:/POLBAN%20MATERI/SEMESTER%206/Pengujian%20Perangkat%20Lunak/Praktek/Week%2011/Automation-Web-Testing/src/test/java/features/Login.feature:25)\r\n",
              "duration": 50192600,
              "status": "failed"
            },
            "line": 25,
            "name": "I should see the error message \"You need Password!\"",
            "match": {
              "arguments": [
                {
                  "val": "\"You need Password!\"",
                  "offset": 31
                }
              ],
              "location": "StepDefinitions.LoginSteps.Result(java.lang.String)"
            },
            "keyword": "Then "
          }
        ]
      },
      {
        "start_timestamp": "2024-05-19T16:05:06.539Z",
        "before": [
          {
            "result": {
              "duration": 2194989700,
              "status": "passed"
            },
            "match": {
              "location": "utility.Hooks.setup()"
            }
          }
        ],
        "line": 27,
        "name": "Unsuccessful login with empty username and filled password",
        "description": "",
        "id": "login;unsuccessful-login-with-empty-username-and-filled-password",
        "after": [
          {
            "result": {
              "error_message": "java.lang.ClassCastException: class utility.BrowserDriver cannot be cast to class org.openqa.selenium.TakesScreenshot (utility.BrowserDriver and org.openqa.selenium.TakesScreenshot are in unnamed module of loader \u0027app\u0027)\r\n\tat utility.Hooks.screenshotFailedScenario(Hooks.java:32)\r\n",
              "duration": 630800,
              "status": "failed"
            },
            "match": {
              "location": "utility.Hooks.screenshotFailedScenario(io.cucumber.java.Scenario)"
            }
          },
          {
            "result": {
              "error_message": "org.openqa.selenium.WebDriverException: disconnected: Unable to receive message from renderer\n  (failed to check if window was closed: disconnected: not connected to DevTools)\n  (Session info: chrome\u003d124.0.6367.208)\nBuild info: version: \u00273.141.59\u0027, revision: \u0027e82be7d358\u0027, time: \u00272018-11-14T08:17:03\u0027\nSystem info: host: \u0027LAPTOP-F697RKB8\u0027, ip: \u0027192.168.100.16\u0027, os.name: \u0027Windows 10\u0027, os.arch: \u0027amd64\u0027, os.version: \u002710.0\u0027, java.version: \u002717.0.11\u0027\nDriver info: org.openqa.selenium.chrome.ChromeDriver\nCapabilities {acceptInsecureCerts: false, browserName: chrome, browserVersion: 124.0.6367.208, chrome: {chromedriverVersion: 124.0.6367.207 (a9001a6e39f..., userDataDir: C:\\Users\\faish\\AppData\\Loca...}, fedcm:accounts: true, goog:chromeOptions: {debuggerAddress: localhost:50976}, javascriptEnabled: true, networkConnectionEnabled: false, pageLoadStrategy: normal, platform: WINDOWS, platformName: WINDOWS, proxy: Proxy(), setWindowRect: true, strictFileInteractability: false, timeouts: {implicit: 0, pageLoad: 300000, script: 30000}, unhandledPromptBehavior: dismiss and notify, webauthn:extension:credBlob: true, webauthn:extension:largeBlob: true, webauthn:extension:minPinLength: true, webauthn:extension:prf: true, webauthn:virtualAuthenticators: true}\nSession ID: cbc7aebd53c53222efb5f16d62fc4134\r\n\tat java.base/jdk.internal.reflect.NativeConstructorAccessorImpl.newInstance0(Native Method)\r\n\tat java.base/jdk.internal.reflect.NativeConstructorAccessorImpl.newInstance(NativeConstructorAccessorImpl.java:77)\r\n\tat java.base/jdk.internal.reflect.DelegatingConstructorAccessorImpl.newInstance(DelegatingConstructorAccessorImpl.java:45)\r\n\tat java.base/java.lang.reflect.Constructor.newInstanceWithCaller(Constructor.java:499)\r\n\tat java.base/java.lang.reflect.Constructor.newInstance(Constructor.java:480)\r\n\tat org.openqa.selenium.remote.http.W3CHttpResponseCodec.createException(W3CHttpResponseCodec.java:187)\r\n\tat org.openqa.selenium.remote.http.W3CHttpResponseCodec.decode(W3CHttpResponseCodec.java:122)\r\n\tat org.openqa.selenium.remote.http.W3CHttpResponseCodec.decode(W3CHttpResponseCodec.java:49)\r\n\tat org.openqa.selenium.remote.HttpCommandExecutor.execute(HttpCommandExecutor.java:158)\r\n\tat org.openqa.selenium.remote.service.DriverCommandExecutor.execute(DriverCommandExecutor.java:83)\r\n\tat org.openqa.selenium.remote.RemoteWebDriver.execute(RemoteWebDriver.java:552)\r\n\tat org.openqa.selenium.remote.RemoteWebDriver.execute(RemoteWebDriver.java:609)\r\n\tat org.openqa.selenium.remote.RemoteWebDriver.close(RemoteWebDriver.java:442)\r\n\tat utility.BrowserDriver.close(BrowserDriver.java:27)\r\n\tat utility.Hooks.tearDown(Hooks.java:25)\r\n",
              "duration": 20499700,
              "status": "failed"
            },
            "match": {
              "location": "utility.Hooks.tearDown()"
            }
          }
        ],
        "type": "scenario",
        "keyword": "Scenario",
        "steps": [
          {
            "result": {
              "duration": 521116200,
              "status": "passed"
            },
            "line": 28,
            "name": "I am on the login page",
            "match": {
              "location": "StepDefinitions.LoginSteps.i_am_on_login_page()"
            },
            "keyword": "Given "
          },
          {
            "result": {
              "error_message": "org.openqa.selenium.NoSuchWindowException: no such window: target window already closed\nfrom unknown error: web view not found\n  (Session info: chrome\u003d124.0.6367.208)\nBuild info: version: \u00273.141.59\u0027, revision: \u0027e82be7d358\u0027, time: \u00272018-11-14T08:17:03\u0027\nSystem info: host: \u0027LAPTOP-F697RKB8\u0027, ip: \u0027192.168.100.16\u0027, os.name: \u0027Windows 10\u0027, os.arch: \u0027amd64\u0027, os.version: \u002710.0\u0027, java.version: \u002717.0.11\u0027\nDriver info: org.openqa.selenium.chrome.ChromeDriver\nCapabilities {acceptInsecureCerts: false, browserName: chrome, browserVersion: 124.0.6367.208, chrome: {chromedriverVersion: 124.0.6367.207 (a9001a6e39f..., userDataDir: C:\\Users\\faish\\AppData\\Loca...}, fedcm:accounts: true, goog:chromeOptions: {debuggerAddress: localhost:50976}, javascriptEnabled: true, networkConnectionEnabled: false, pageLoadStrategy: normal, platform: WINDOWS, platformName: WINDOWS, proxy: Proxy(), setWindowRect: true, strictFileInteractability: false, timeouts: {implicit: 0, pageLoad: 300000, script: 30000}, unhandledPromptBehavior: dismiss and notify, webauthn:extension:credBlob: true, webauthn:extension:largeBlob: true, webauthn:extension:minPinLength: true, webauthn:extension:prf: true, webauthn:virtualAuthenticators: true}\nSession ID: cbc7aebd53c53222efb5f16d62fc4134\n*** Element info: {Using\u003dxpath, value\u003d//*[@id\u003d\"password\"]}\r\n\tat java.base/jdk.internal.reflect.NativeConstructorAccessorImpl.newInstance0(Native Method)\r\n\tat java.base/jdk.internal.reflect.NativeConstructorAccessorImpl.newInstance(NativeConstructorAccessorImpl.java:77)\r\n\tat java.base/jdk.internal.reflect.DelegatingConstructorAccessorImpl.newInstance(DelegatingConstructorAccessorImpl.java:45)\r\n\tat java.base/java.lang.reflect.Constructor.newInstanceWithCaller(Constructor.java:499)\r\n\tat java.base/java.lang.reflect.Constructor.newInstance(Constructor.java:480)\r\n\tat org.openqa.selenium.remote.http.W3CHttpResponseCodec.createException(W3CHttpResponseCodec.java:187)\r\n\tat org.openqa.selenium.remote.http.W3CHttpResponseCodec.decode(W3CHttpResponseCodec.java:122)\r\n\tat org.openqa.selenium.remote.http.W3CHttpResponseCodec.decode(W3CHttpResponseCodec.java:49)\r\n\tat org.openqa.selenium.remote.HttpCommandExecutor.execute(HttpCommandExecutor.java:158)\r\n\tat org.openqa.selenium.remote.service.DriverCommandExecutor.execute(DriverCommandExecutor.java:83)\r\n\tat org.openqa.selenium.remote.RemoteWebDriver.execute(RemoteWebDriver.java:552)\r\n\tat org.openqa.selenium.remote.RemoteWebDriver.findElement(RemoteWebDriver.java:323)\r\n\tat org.openqa.selenium.remote.RemoteWebDriver.findElementByXPath(RemoteWebDriver.java:428)\r\n\tat org.openqa.selenium.By$ByXPath.findElement(By.java:353)\r\n\tat org.openqa.selenium.remote.RemoteWebDriver.findElement(RemoteWebDriver.java:315)\r\n\tat pages.LoginPage.sendkeys_password(LoginPage.java:27)\r\n\tat StepDefinitions.LoginSteps.i_entered_my_username_and_password(LoginSteps.java:26)\r\n\tat ✽.I entered my username \"\" and password \"secret_sauce\"(file:///C:/POLBAN%20MATERI/SEMESTER%206/Pengujian%20Perangkat%20Lunak/Praktek/Week%2011/Automation-Web-Testing/src/test/java/features/Login.feature:29)\r\n",
              "duration": 117987200,
              "status": "failed"
            },
            "line": 29,
            "name": "I entered my username \"\" and password \"secret_sauce\"",
            "match": {
              "arguments": [
                {
                  "val": "\"\"",
                  "offset": 22
                },
                {
                  "val": "\"secret_sauce\"",
                  "offset": 38
                }
              ],
              "location": "StepDefinitions.LoginSteps.i_entered_my_username_and_password(java.lang.String,java.lang.String)"
            },
            "keyword": "When "
          },
          {
            "result": {
              "status": "skipped"
            },
            "line": 30,
            "name": "I clicked on the login button",
            "match": {
              "location": "StepDefinitions.LoginSteps.i_clicked_login_button()"
            },
            "keyword": "And "
          },
          {
            "result": {
              "status": "skipped"
            },
            "line": 31,
            "name": "I should see the error message \"You need Username!\"",
            "match": {
              "arguments": [
                {
                  "val": "\"You need Username!\"",
                  "offset": 31
                }
              ],
              "location": "StepDefinitions.LoginSteps.Result(java.lang.String)"
            },
            "keyword": "Then "
          }
        ]
      },
      {
        "start_timestamp": "2024-05-19T16:05:09.439Z",
        "before": [
          {
            "result": {
              "duration": 1870519200,
              "status": "passed"
            },
            "match": {
              "location": "utility.Hooks.setup()"
            }
          }
        ],
        "line": 33,
        "name": "Unsuccessful login with empty username and password",
        "description": "",
        "id": "login;unsuccessful-login-with-empty-username-and-password",
        "after": [
          {
            "result": {
              "error_message": "java.lang.ClassCastException: class utility.BrowserDriver cannot be cast to class org.openqa.selenium.TakesScreenshot (utility.BrowserDriver and org.openqa.selenium.TakesScreenshot are in unnamed module of loader \u0027app\u0027)\r\n\tat utility.Hooks.screenshotFailedScenario(Hooks.java:32)\r\n",
              "status": "failed"
            },
            "match": {
              "location": "utility.Hooks.screenshotFailedScenario(io.cucumber.java.Scenario)"
            }
          },
          {
            "result": {
              "error_message": "org.openqa.selenium.WebDriverException: disconnected: unable to send message to renderer\n  (failed to check if window was closed: disconnected: not connected to DevTools)\n  (Session info: chrome\u003d124.0.6367.208)\nBuild info: version: \u00273.141.59\u0027, revision: \u0027e82be7d358\u0027, time: \u00272018-11-14T08:17:03\u0027\nSystem info: host: \u0027LAPTOP-F697RKB8\u0027, ip: \u0027192.168.100.16\u0027, os.name: \u0027Windows 10\u0027, os.arch: \u0027amd64\u0027, os.version: \u002710.0\u0027, java.version: \u002717.0.11\u0027\nDriver info: org.openqa.selenium.chrome.ChromeDriver\nCapabilities {acceptInsecureCerts: false, browserName: chrome, browserVersion: 124.0.6367.208, chrome: {chromedriverVersion: 124.0.6367.207 (a9001a6e39f..., userDataDir: C:\\Users\\faish\\AppData\\Loca...}, fedcm:accounts: true, goog:chromeOptions: {debuggerAddress: localhost:51001}, javascriptEnabled: true, networkConnectionEnabled: false, pageLoadStrategy: normal, platform: WINDOWS, platformName: WINDOWS, proxy: Proxy(), setWindowRect: true, strictFileInteractability: false, timeouts: {implicit: 0, pageLoad: 300000, script: 30000}, unhandledPromptBehavior: dismiss and notify, webauthn:extension:credBlob: true, webauthn:extension:largeBlob: true, webauthn:extension:minPinLength: true, webauthn:extension:prf: true, webauthn:virtualAuthenticators: true}\nSession ID: ee04336b3c93d96858c10d5f5bb38e4a\r\n\tat java.base/jdk.internal.reflect.NativeConstructorAccessorImpl.newInstance0(Native Method)\r\n\tat java.base/jdk.internal.reflect.NativeConstructorAccessorImpl.newInstance(NativeConstructorAccessorImpl.java:77)\r\n\tat java.base/jdk.internal.reflect.DelegatingConstructorAccessorImpl.newInstance(DelegatingConstructorAccessorImpl.java:45)\r\n\tat java.base/java.lang.reflect.Constructor.newInstanceWithCaller(Constructor.java:499)\r\n\tat java.base/java.lang.reflect.Constructor.newInstance(Constructor.java:480)\r\n\tat org.openqa.selenium.remote.http.W3CHttpResponseCodec.createException(W3CHttpResponseCodec.java:187)\r\n\tat org.openqa.selenium.remote.http.W3CHttpResponseCodec.decode(W3CHttpResponseCodec.java:122)\r\n\tat org.openqa.selenium.remote.http.W3CHttpResponseCodec.decode(W3CHttpResponseCodec.java:49)\r\n\tat org.openqa.selenium.remote.HttpCommandExecutor.execute(HttpCommandExecutor.java:158)\r\n\tat org.openqa.selenium.remote.service.DriverCommandExecutor.execute(DriverCommandExecutor.java:83)\r\n\tat org.openqa.selenium.remote.RemoteWebDriver.execute(RemoteWebDriver.java:552)\r\n\tat org.openqa.selenium.remote.RemoteWebDriver.execute(RemoteWebDriver.java:609)\r\n\tat org.openqa.selenium.remote.RemoteWebDriver.close(RemoteWebDriver.java:442)\r\n\tat utility.BrowserDriver.close(BrowserDriver.java:27)\r\n\tat utility.Hooks.tearDown(Hooks.java:25)\r\n",
              "duration": 23372700,
              "status": "failed"
            },
            "match": {
              "location": "utility.Hooks.tearDown()"
            }
          }
        ],
        "type": "scenario",
        "keyword": "Scenario",
        "steps": [
          {
            "result": {
              "duration": 114126000,
              "status": "passed"
            },
            "line": 34,
            "name": "I am on the login page",
            "match": {
              "location": "StepDefinitions.LoginSteps.i_am_on_login_page()"
            },
            "keyword": "Given "
          },
          {
            "result": {
              "error_message": "org.openqa.selenium.NoSuchElementException: Cannot locate an element using xpath\u003d//*[@id\u003d\"user-name\"]\nFor documentation on this error, please visit: https://www.seleniumhq.org/exceptions/no_such_element.html\nBuild info: version: \u00273.141.59\u0027, revision: \u0027e82be7d358\u0027, time: \u00272018-11-14T08:17:03\u0027\nSystem info: host: \u0027LAPTOP-F697RKB8\u0027, ip: \u0027192.168.100.16\u0027, os.name: \u0027Windows 10\u0027, os.arch: \u0027amd64\u0027, os.version: \u002710.0\u0027, java.version: \u002717.0.11\u0027\nDriver info: driver.version: RemoteWebDriver\r\n\tat org.openqa.selenium.remote.RemoteWebDriver.findElement(RemoteWebDriver.java:327)\r\n\tat org.openqa.selenium.remote.RemoteWebDriver.findElementByXPath(RemoteWebDriver.java:428)\r\n\tat org.openqa.selenium.By$ByXPath.findElement(By.java:353)\r\n\tat org.openqa.selenium.remote.RemoteWebDriver.findElement(RemoteWebDriver.java:315)\r\n\tat pages.LoginPage.sendkeys_username(LoginPage.java:22)\r\n\tat StepDefinitions.LoginSteps.I_leave_the_username_and_password_field_empty(LoginSteps.java:53)\r\n\tat ✽.I leave the username and password field empty(file:///C:/POLBAN%20MATERI/SEMESTER%206/Pengujian%20Perangkat%20Lunak/Praktek/Week%2011/Automation-Web-Testing/src/test/java/features/Login.feature:35)\r\n",
              "duration": 431454500,
              "status": "failed"
            },
            "line": 35,
            "name": "I leave the username and password field empty",
            "match": {
              "location": "StepDefinitions.LoginSteps.I_leave_the_username_and_password_field_empty()"
            },
            "keyword": "When "
          },
          {
            "result": {
              "status": "skipped"
            },
            "line": 36,
            "name": "I clicked on the login button",
            "match": {
              "location": "StepDefinitions.LoginSteps.i_clicked_login_button()"
            },
            "keyword": "And "
          },
          {
            "result": {
              "duration": 499800,
              "status": "skipped"
            },
            "line": 37,
            "name": "I should see the error message \"You need Username \u0026 Password !\"",
            "match": {
              "arguments": [
                {
                  "val": "\"You need Username \u0026 Password !\"",
                  "offset": 31
                }
              ],
              "location": "StepDefinitions.LoginSteps.Result(java.lang.String)"
            },
            "keyword": "Then "
          }
        ]
      }
    ],
    "name": "Login",
    "description": "",
    "id": "login",
    "keyword": "Feature",
    "uri": "file:src/test/java/features/Login.feature",
    "tags": []
  },
  {
    "line": 1,
    "elements": [
      {
        "start_timestamp": "2024-05-19T16:05:11.939Z",
        "before": [
          {
            "result": {
              "duration": 1840496600,
              "status": "passed"
            },
            "match": {
              "location": "utility.Hooks.setup()"
            }
          }
        ],
        "line": 3,
        "name": "Logout from App",
        "description": "",
        "id": "logout;logout-from-app",
        "after": [
          {
            "result": {
              "error_message": "java.lang.ClassCastException: class utility.BrowserDriver cannot be cast to class org.openqa.selenium.TakesScreenshot (utility.BrowserDriver and org.openqa.selenium.TakesScreenshot are in unnamed module of loader \u0027app\u0027)\r\n\tat utility.Hooks.screenshotFailedScenario(Hooks.java:32)\r\n",
              "duration": 739500,
              "status": "failed"
            },
            "match": {
              "location": "utility.Hooks.screenshotFailedScenario(io.cucumber.java.Scenario)"
            }
          },
          {
            "result": {
              "error_message": "org.openqa.selenium.WebDriverException: disconnected: not connected to DevTools\n  (failed to check if window was closed: disconnected: not connected to DevTools)\n  (Session info: chrome\u003d124.0.6367.208)\nBuild info: version: \u00273.141.59\u0027, revision: \u0027e82be7d358\u0027, time: \u00272018-11-14T08:17:03\u0027\nSystem info: host: \u0027LAPTOP-F697RKB8\u0027, ip: \u0027192.168.100.16\u0027, os.name: \u0027Windows 10\u0027, os.arch: \u0027amd64\u0027, os.version: \u002710.0\u0027, java.version: \u002717.0.11\u0027\nDriver info: org.openqa.selenium.chrome.ChromeDriver\nCapabilities {acceptInsecureCerts: false, browserName: chrome, browserVersion: 124.0.6367.208, chrome: {chromedriverVersion: 124.0.6367.207 (a9001a6e39f..., userDataDir: C:\\Users\\faish\\AppData\\Loca...}, fedcm:accounts: true, goog:chromeOptions: {debuggerAddress: localhost:51026}, javascriptEnabled: true, networkConnectionEnabled: false, pageLoadStrategy: normal, platform: WINDOWS, platformName: WINDOWS, proxy: Proxy(), setWindowRect: true, strictFileInteractability: false, timeouts: {implicit: 0, pageLoad: 300000, script: 30000}, unhandledPromptBehavior: dismiss and notify, webauthn:extension:credBlob: true, webauthn:extension:largeBlob: true, webauthn:extension:minPinLength: true, webauthn:extension:prf: true, webauthn:virtualAuthenticators: true}\nSession ID: 3f9d4def5bdaf99967ce9e65227765b8\r\n\tat java.base/jdk.internal.reflect.NativeConstructorAccessorImpl.newInstance0(Native Method)\r\n\tat java.base/jdk.internal.reflect.NativeConstructorAccessorImpl.newInstance(NativeConstructorAccessorImpl.java:77)\r\n\tat java.base/jdk.internal.reflect.DelegatingConstructorAccessorImpl.newInstance(DelegatingConstructorAccessorImpl.java:45)\r\n\tat java.base/java.lang.reflect.Constructor.newInstanceWithCaller(Constructor.java:499)\r\n\tat java.base/java.lang.reflect.Constructor.newInstance(Constructor.java:480)\r\n\tat org.openqa.selenium.remote.http.W3CHttpResponseCodec.createException(W3CHttpResponseCodec.java:187)\r\n\tat org.openqa.selenium.remote.http.W3CHttpResponseCodec.decode(W3CHttpResponseCodec.java:122)\r\n\tat org.openqa.selenium.remote.http.W3CHttpResponseCodec.decode(W3CHttpResponseCodec.java:49)\r\n\tat org.openqa.selenium.remote.HttpCommandExecutor.execute(HttpCommandExecutor.java:158)\r\n\tat org.openqa.selenium.remote.service.DriverCommandExecutor.execute(DriverCommandExecutor.java:83)\r\n\tat org.openqa.selenium.remote.RemoteWebDriver.execute(RemoteWebDriver.java:552)\r\n\tat org.openqa.selenium.remote.RemoteWebDriver.execute(RemoteWebDriver.java:609)\r\n\tat org.openqa.selenium.remote.RemoteWebDriver.close(RemoteWebDriver.java:442)\r\n\tat utility.BrowserDriver.close(BrowserDriver.java:27)\r\n\tat utility.Hooks.tearDown(Hooks.java:25)\r\n",
              "duration": 10091600,
              "status": "failed"
            },
            "match": {
              "location": "utility.Hooks.tearDown()"
            }
          }
        ],
        "type": "scenario",
        "keyword": "Scenario",
        "steps": [
          {
            "result": {
              "error_message": "org.openqa.selenium.NoSuchWindowException: no such window: target window already closed\nfrom unknown error: web view not found\n  (Session info: chrome\u003d124.0.6367.208)\nBuild info: version: \u00273.141.59\u0027, revision: \u0027e82be7d358\u0027, time: \u00272018-11-14T08:17:03\u0027\nSystem info: host: \u0027LAPTOP-F697RKB8\u0027, ip: \u0027192.168.100.16\u0027, os.name: \u0027Windows 10\u0027, os.arch: \u0027amd64\u0027, os.version: \u002710.0\u0027, java.version: \u002717.0.11\u0027\nDriver info: org.openqa.selenium.chrome.ChromeDriver\nCapabilities {acceptInsecureCerts: false, browserName: chrome, browserVersion: 124.0.6367.208, chrome: {chromedriverVersion: 124.0.6367.207 (a9001a6e39f..., userDataDir: C:\\Users\\faish\\AppData\\Loca...}, fedcm:accounts: true, goog:chromeOptions: {debuggerAddress: localhost:51026}, javascriptEnabled: true, networkConnectionEnabled: false, pageLoadStrategy: normal, platform: WINDOWS, platformName: WINDOWS, proxy: Proxy(), setWindowRect: true, strictFileInteractability: false, timeouts: {implicit: 0, pageLoad: 300000, script: 30000}, unhandledPromptBehavior: dismiss and notify, webauthn:extension:credBlob: true, webauthn:extension:largeBlob: true, webauthn:extension:minPinLength: true, webauthn:extension:prf: true, webauthn:virtualAuthenticators: true}\nSession ID: 3f9d4def5bdaf99967ce9e65227765b8\n*** Element info: {Using\u003dxpath, value\u003d//*[@id\u003d\"user-name\"]}\r\n\tat java.base/jdk.internal.reflect.NativeConstructorAccessorImpl.newInstance0(Native Method)\r\n\tat java.base/jdk.internal.reflect.NativeConstructorAccessorImpl.newInstance(NativeConstructorAccessorImpl.java:77)\r\n\tat java.base/jdk.internal.reflect.DelegatingConstructorAccessorImpl.newInstance(DelegatingConstructorAccessorImpl.java:45)\r\n\tat java.base/java.lang.reflect.Constructor.newInstanceWithCaller(Constructor.java:499)\r\n\tat java.base/java.lang.reflect.Constructor.newInstance(Constructor.java:480)\r\n\tat org.openqa.selenium.remote.http.W3CHttpResponseCodec.createException(W3CHttpResponseCodec.java:187)\r\n\tat org.openqa.selenium.remote.http.W3CHttpResponseCodec.decode(W3CHttpResponseCodec.java:122)\r\n\tat org.openqa.selenium.remote.http.W3CHttpResponseCodec.decode(W3CHttpResponseCodec.java:49)\r\n\tat org.openqa.selenium.remote.HttpCommandExecutor.execute(HttpCommandExecutor.java:158)\r\n\tat org.openqa.selenium.remote.service.DriverCommandExecutor.execute(DriverCommandExecutor.java:83)\r\n\tat org.openqa.selenium.remote.RemoteWebDriver.execute(RemoteWebDriver.java:552)\r\n\tat org.openqa.selenium.remote.RemoteWebDriver.findElement(RemoteWebDriver.java:323)\r\n\tat org.openqa.selenium.remote.RemoteWebDriver.findElementByXPath(RemoteWebDriver.java:428)\r\n\tat org.openqa.selenium.By$ByXPath.findElement(By.java:353)\r\n\tat org.openqa.selenium.remote.RemoteWebDriver.findElement(RemoteWebDriver.java:315)\r\n\tat pages.LoginPage.sendkeys_username(LoginPage.java:22)\r\n\tat StepDefinitions.LoginSteps.i_entered_my_username_and_password(LoginSteps.java:25)\r\n\tat StepDefinitions.LogoutSteps.i_am_on_dashboard_page(LogoutSteps.java:24)\r\n\tat ✽.I am on the dashboard page(file:///C:/POLBAN%20MATERI/SEMESTER%206/Pengujian%20Perangkat%20Lunak/Praktek/Week%2011/Automation-Web-Testing/src/test/java/features/Logout.feature:4)\r\n",
              "duration": 621837500,
              "status": "failed"
            },
            "line": 4,
            "name": "I am on the dashboard page",
            "match": {
              "location": "StepDefinitions.LogoutSteps.i_am_on_dashboard_page()"
            },
            "keyword": "Given "
          },
          {
            "result": {
              "duration": 498500,
              "status": "skipped"
            },
            "line": 5,
            "name": "I clicked the sidebar menu button",
            "match": {
              "location": "StepDefinitions.LogoutSteps.i_click_the_sidebar_menu_button()"
            },
            "keyword": "When "
          },
          {
            "result": {
              "status": "skipped"
            },
            "line": 6,
            "name": "I clicked the logout button",
            "match": {
              "location": "StepDefinitions.LogoutSteps.i_clicked_the_logout_button()"
            },
            "keyword": "And "
          },
          {
            "result": {
              "status": "skipped"
            },
            "line": 7,
            "name": "I should be logged out successfully",
            "match": {
              "location": "StepDefinitions.LogoutSteps.i_should_be_logged_out_successfully()"
            },
            "keyword": "Then "
          }
        ]
      }
    ],
    "name": "Logout",
    "description": "",
    "id": "logout",
    "keyword": "Feature",
    "uri": "file:src/test/java/features/Logout.feature",
    "tags": []
  }
]