-------------------------------------------------------------------------------
Test set: swaglabs.runner.TestRunner
-------------------------------------------------------------------------------
Tests run: 38, Failures: 9, Errors: 0, Skipped: 0, Time elapsed: 231.48 s <<< FAILURE! - in swaglabs.runner.TestRunner
Create a user successfully(Testing POST Method for Creating User)  Time elapsed: 9.378 s  <<< FAILURE!
java.lang.AssertionError: Unexpected status code expected:<200> but was:<400>

Attempt to create a user with a last name exceeding 50 characters(Testing POST Method for Creating User)  Time elapsed: 3.698 s  <<< FAILURE!
java.lang.AssertionError: Unexpected status code expected:<200> but was:<400>

Delete User with a valid ID(Testing DELETE Method for Deleting User)  Time elapsed: 2.756 s  <<< FAILURE!
java.lang.AssertionError: Unexpected status code expected:<200> but was:<404>

Go to Next Page with only fill Postal Code(Checkout Feature)  Time elapsed: 12.946 s  <<< FAILURE!
org.junit.ComparisonFailure: expected:<[First Name and Last Name is required!]> but was:<[Error: First Name is required]>

Unsuccessful login with invalid password(Login)  Time elapsed: 4.865 s  <<< FAILURE!
org.junit.ComparisonFailure: expected:<[]Username and passwor...> but was:<[Epic sadface: ]Username and passwor...>

Unsuccessful login with invalid credentials. The username not registered.(Login)  Time elapsed: 4.503 s  <<< FAILURE!
org.junit.ComparisonFailure: expected:<[]Username and passwor...> but was:<[Epic sadface: ]Username and passwor...>

Unsuccessful login with filled username and empty password(Login)  Time elapsed: 5.348 s  <<< FAILURE!
org.junit.ComparisonFailure: expected:<[You need Password!]> but was:<[Epic sadface: Password is required]>

Unsuccessful login with empty username and filled password(Login)  Time elapsed: 6.33 s  <<< FAILURE!
org.junit.ComparisonFailure: expected:<[You need Username!]> but was:<[Epic sadface: Username is required]>

Unsuccessful login with empty username and password(Login)  Time elapsed: 6.589 s  <<< FAILURE!
org.junit.ComparisonFailure: expected:<[You need Username & Password !]> but was:<[Epic sadface: Username is required]>

