-------------------------------------------------------------------------------
Test set: swaglabs.runner.TestRunner
-------------------------------------------------------------------------------
Tests run: 5, Failures: 1, Errors: 0, Skipped: 0, Time elapsed: 44.634 s <<< FAILURE! - in swaglabs.runner.TestRunner
Update user data with title and gender fields using numbers(Testing PUT Method for Update User)  Time elapsed: 3.799 s  <<< FAILURE!
java.lang.AssertionError: Unexpected status code expected:<400> but was:<200>

