<?xml version="1.0" encoding="UTF-8"?>
<testsuite xmlns:xsi="http://www.w3.org/2001/XMLSchema-instance" xsi:noNamespaceSchemaLocation="https://maven.apache.org/surefire/maven-surefire-plugin/xsd/surefire-test-report.xsd" name="swaglabs.runner.TestRunner" time="231.48" tests="38" errors="0" skipped="0" failures="9">
  <properties>
[...]
</properties>
  <testcase name="Create a user successfully" classname="Testing POST Method for Creating User" time="9.378">
    <failure message="Unexpected status code expected:&lt;200&gt; but was:&lt;400&gt;" type="java.lang.AssertionError"><![CDATA[java.lang.AssertionError: Unexpected status code expected:<200> but was:<400>
]]></failure>
    <system-err><![CDATA[Starting ChromeDriver 124.0.6367.207 (a9001a6e39fbaa559510ca866052950457dd4e6b-refs/branch-heads/6367_201@{#3}) on port 14878
Only local connections are allowed.
Please see https://chromedriver.chromium.org/security-considerations for suggestions on keeping ChromeDriver safe.
ChromeDriver was started successfully.
[1717242581.465][WARNING]: This version of ChromeDriver has not been tested with Chrome version 125.
Jun 01, 2024 6:49:42 PM org.openqa.selenium.remote.ProtocolHandshake createSession
INFO: Detected dialect: W3C
]]></system-err>
  </testcase>
  <testcase name="Attempt to create a user with an email that is already in use" classname="Testing POST Method for Creating User" time="3.238"/>
  <testcase name="Attempt to create a user with a last name exceeding 50 characters" classname="Testing POST Method for Creating User" time="3.698">
    <failure message="Unexpected status code expected:&lt;200&gt; but was:&lt;400&gt;" type="java.lang.AssertionError"><![CDATA[java.lang.AssertionError: Unexpected status code expected:<200> but was:<400>
]]></failure>
    <system-err><![CDATA[Starting ChromeDriver 124.0.6367.207 (a9001a6e39fbaa559510ca866052950457dd4e6b-refs/branch-heads/6367_201@{#3}) on port 27583
Only local connections are allowed.
Please see https://chromedriver.chromium.org/security-considerations for suggestions on keeping ChromeDriver safe.
ChromeDriver was started successfully.
[1717242591.907][WARNING]: This version of ChromeDriver has not been tested with Chrome version 125.
Jun 01, 2024 6:49:52 PM org.openqa.selenium.remote.ProtocolHandshake createSession
INFO: Detected dialect: W3C
]]></system-err>
  </testcase>
  <testcase name="Attempt to create a user with a blank first name" classname="Testing POST Method for Creating User" time="3.044"/>
  <testcase name="Attempt to create a user with a blank email #1" classname="Testing POST Method for Creating User" time="3.72"/>
  <testcase name="Attempt to create a user with a blank email #2" classname="Testing POST Method for Creating User" time="3.269"/>
  <testcase name="Attempt to create a user with a blank email #3" classname="Testing POST Method for Creating User" time="3.735"/>
  <testcase name="Attempt to create a user with a blank email #4" classname="Testing POST Method for Creating User" time="3.033"/>
  <testcase name="Attempt to create a user with a blank email #5" classname="Testing POST Method for Creating User" time="2.98"/>
  <testcase name="Delete User without app-id" classname="Testing DELETE Method for Deleting User" time="6.633"/>
  <testcase name="Delete User with a invalid app-id" classname="Testing DELETE Method for Deleting User" time="2.654"/>
  <testcase name="Delete User with a valid ID" classname="Testing DELETE Method for Deleting User" time="2.756">
    <failure message="Unexpected status code expected:&lt;200&gt; but was:&lt;404&gt;" type="java.lang.AssertionError"><![CDATA[java.lang.AssertionError: Unexpected status code expected:<200> but was:<404>
]]></failure>
    <system-err><![CDATA[Starting ChromeDriver 124.0.6367.207 (a9001a6e39fbaa559510ca866052950457dd4e6b-refs/branch-heads/6367_201@{#3}) on port 26564
Only local connections are allowed.
Please see https://chromedriver.chromium.org/security-considerations for suggestions on keeping ChromeDriver safe.
ChromeDriver was started successfully.
[1717242624.995][WARNING]: This version of ChromeDriver has not been tested with Chrome version 125.
Jun 01, 2024 6:50:25 PM org.openqa.selenium.remote.ProtocolHandshake createSession
INFO: Detected dialect: W3C
]]></system-err>
  </testcase>
  <testcase name="Delete User with a invalid ID" classname="Testing DELETE Method for Deleting User" time="2.778"/>
  <testcase name="Delete User without ID" classname="Testing DELETE Method for Deleting User" time="2.663"/>
  <testcase name="Get user with no app-id" classname="Testing GET Method for API" time="3.297"/>
  <testcase name="Get user with invalid app-id" classname="Testing GET Method for API" time="3.118"/>
  <testcase name="Get user with valid app-id and invalid user ID" classname="Testing GET Method for API" time="2.705"/>
  <testcase name="Get user with valid app-id and valid user ID" classname="Testing GET Method for API" time="2.83"/>
  <testcase name="Get user with invalid user ID" classname="Testing GET Method for API" time="2.952"/>
  <testcase name="Verify Cart Page with 1 Product" classname="Cart Feature" time="8.083"/>
  <testcase name="Pressing the Continue Shopping button" classname="Cart Feature" time="8.591"/>
  <testcase name="Pressing Checkout button with 1 product" classname="Cart Feature" time="9.59"/>
  <testcase name="Go to Next Page" classname="Checkout Feature" time="8.903"/>
  <testcase name="Go to Previous Page" classname="Checkout Feature" time="14.706"/>
  <testcase name="Go to Next Page with only fill Postal Code" classname="Checkout Feature" time="12.946">
    <failure message="expected:&lt;[First Name and Last Name is required!]&gt; but was:&lt;[Error: First Name is required]&gt;" type="org.junit.ComparisonFailure"><![CDATA[org.junit.ComparisonFailure: expected:<[First Name and Last Name is required!]> but was:<[Error: First Name is required]>
]]></failure>
    <system-out><![CDATA[Login button clicked
I am on the dashboard page
Add to cart button clicked
I am on the cart page
1
Checkout clicked
I am on the checkout: your information page
Continue button clicked
]]></system-out>
    <system-err><![CDATA[Starting ChromeDriver 124.0.6367.207 (a9001a6e39fbaa559510ca866052950457dd4e6b-refs/branch-heads/6367_201@{#3}) on port 35456
Only local connections are allowed.
Please see https://chromedriver.chromium.org/security-considerations for suggestions on keeping ChromeDriver safe.
ChromeDriver was started successfully.
[1717242698.099][WARNING]: This version of ChromeDriver has not been tested with Chrome version 125.
Jun 01, 2024 6:51:39 PM org.openqa.selenium.remote.ProtocolHandshake createSession
INFO: Detected dialect: W3C
[1717242708.548][SEVERE]: Unable to receive message from renderer
]]></system-err>
  </testcase>
  <testcase name="Add One Item to Cart" classname="Dashboard Feature" time="12.242"/>
  <testcase name="Add All Items to Cart" classname="Dashboard Feature" time="9.704"/>
  <testcase name="Remove One Item on Cart" classname="Dashboard Feature" time="8.462"/>
  <testcase name="End To End Testing" classname="End To End Testing" time="9.508"/>
  <testcase name="Login Successfull" classname="Login" time="4.964"/>
  <testcase name="Unsuccessful login with invalid password" classname="Login" time="4.865">
    <failure message="expected:&lt;[]Username and passwor...&gt; but was:&lt;[Epic sadface: ]Username and passwor...&gt;" type="org.junit.ComparisonFailure"><![CDATA[org.junit.ComparisonFailure: expected:<[]Username and passwor...> but was:<[Epic sadface: ]Username and passwor...>
]]></failure>
    <system-out><![CDATA[I am on the login page
Login button clicked
Expected error message: Username and password do not match any user in this service
Actual error message: Epic sadface: Username and password do not match any user in this service
]]></system-out>
    <system-err><![CDATA[Starting ChromeDriver 124.0.6367.207 (a9001a6e39fbaa559510ca866052950457dd4e6b-refs/branch-heads/6367_201@{#3}) on port 11048
Only local connections are allowed.
Please see https://chromedriver.chromium.org/security-considerations for suggestions on keeping ChromeDriver safe.
ChromeDriver was started successfully.
[1717242755.748][WARNING]: This version of ChromeDriver has not been tested with Chrome version 125.
Jun 01, 2024 6:52:36 PM org.openqa.selenium.remote.ProtocolHandshake createSession
INFO: Detected dialect: W3C
]]></system-err>
  </testcase>
  <testcase name="Unsuccessful login with invalid credentials. The username not registered." classname="Login" time="4.503">
    <failure message="expected:&lt;[]Username and passwor...&gt; but was:&lt;[Epic sadface: ]Username and passwor...&gt;" type="org.junit.ComparisonFailure"><![CDATA[org.junit.ComparisonFailure: expected:<[]Username and passwor...> but was:<[Epic sadface: ]Username and passwor...>
]]></failure>
    <system-out><![CDATA[I am on the login page
Login button clicked
Expected error message: Username and password do not match any user in this service
Actual error message: Epic sadface: Username and password do not match any user in this service
]]></system-out>
    <system-err><![CDATA[Starting ChromeDriver 124.0.6367.207 (a9001a6e39fbaa559510ca866052950457dd4e6b-refs/branch-heads/6367_201@{#3}) on port 20280
Only local connections are allowed.
Please see https://chromedriver.chromium.org/security-considerations for suggestions on keeping ChromeDriver safe.
ChromeDriver was started successfully.
[1717242760.851][WARNING]: This version of ChromeDriver has not been tested with Chrome version 125.
Jun 01, 2024 6:52:41 PM org.openqa.selenium.remote.ProtocolHandshake createSession
INFO: Detected dialect: W3C
[1717242763.633][SEVERE]: Unable to receive message from renderer
]]></system-err>
  </testcase>
  <testcase name="Unsuccessful login with filled username and empty password" classname="Login" time="5.348">
    <failure message="expected:&lt;[You need Password!]&gt; but was:&lt;[Epic sadface: Password is required]&gt;" type="org.junit.ComparisonFailure"><![CDATA[org.junit.ComparisonFailure: expected:<[You need Password!]> but was:<[Epic sadface: Password is required]>
]]></failure>
    <system-out><![CDATA[I am on the login page
Login button clicked
Expected error message: You need Password!
Actual error message: Epic sadface: Password is required
]]></system-out>
    <system-err><![CDATA[Starting ChromeDriver 124.0.6367.207 (a9001a6e39fbaa559510ca866052950457dd4e6b-refs/branch-heads/6367_201@{#3}) on port 26330
Only local connections are allowed.
Please see https://chromedriver.chromium.org/security-considerations for suggestions on keeping ChromeDriver safe.
ChromeDriver was started successfully.
[1717242764.833][WARNING]: This version of ChromeDriver has not been tested with Chrome version 125.
Jun 01, 2024 6:52:45 PM org.openqa.selenium.remote.ProtocolHandshake createSession
INFO: Detected dialect: W3C
[1717242768.650][SEVERE]: Unable to receive message from renderer
]]></system-err>
  </testcase>
  <testcase name="Unsuccessful login with empty username and filled password" classname="Login" time="6.33">
    <failure message="expected:&lt;[You need Username!]&gt; but was:&lt;[Epic sadface: Username is required]&gt;" type="org.junit.ComparisonFailure"><![CDATA[org.junit.ComparisonFailure: expected:<[You need Username!]> but was:<[Epic sadface: Username is required]>
]]></failure>
    <system-out><![CDATA[I am on the login page
Login button clicked
Expected error message: You need Username!
Actual error message: Epic sadface: Username is required
]]></system-out>
    <system-err><![CDATA[Starting ChromeDriver 124.0.6367.207 (a9001a6e39fbaa559510ca866052950457dd4e6b-refs/branch-heads/6367_201@{#3}) on port 35805
Only local connections are allowed.
Please see https://chromedriver.chromium.org/security-considerations for suggestions on keeping ChromeDriver safe.
ChromeDriver was started successfully.
[1717242770.579][WARNING]: This version of ChromeDriver has not been tested with Chrome version 125.
Jun 01, 2024 6:52:51 PM org.openqa.selenium.remote.ProtocolHandshake createSession
INFO: Detected dialect: W3C
[1717242775.265][SEVERE]: Unable to receive message from renderer
]]></system-err>
  </testcase>
  <testcase name="Unsuccessful login with empty username and password" classname="Login" time="6.589">
    <failure message="expected:&lt;[You need Username &amp; Password !]&gt; but was:&lt;[Epic sadface: Username is required]&gt;" type="org.junit.ComparisonFailure"><![CDATA[org.junit.ComparisonFailure: expected:<[You need Username & Password !]> but was:<[Epic sadface: Username is required]>
]]></failure>
    <system-out><![CDATA[I am on the login page
Login button clicked
Expected error message: You need Username & Password !
Actual error message: Epic sadface: Username is required
]]></system-out>
    <system-err><![CDATA[Starting ChromeDriver 124.0.6367.207 (a9001a6e39fbaa559510ca866052950457dd4e6b-refs/branch-heads/6367_201@{#3}) on port 47861
Only local connections are allowed.
Please see https://chromedriver.chromium.org/security-considerations for suggestions on keeping ChromeDriver safe.
ChromeDriver was started successfully.
[1717242776.932][WARNING]: This version of ChromeDriver has not been tested with Chrome version 125.
Jun 01, 2024 6:52:57 PM org.openqa.selenium.remote.ProtocolHandshake createSession
INFO: Detected dialect: W3C
]]></system-err>
  </testcase>
  <testcase name="User views product details" classname="Product Detail" time="8.876"/>
  <testcase name="User adds product to cart" classname="Product Detail" time="4.887"/>
  <testcase name="User back to the dashboard page from the product detail page" classname="Product Detail" time="5.754"/>
</testsuite>