<?xml version="1.0" encoding="UTF-8"?>
<testsuite xmlns:xsi="http://www.w3.org/2001/XMLSchema-instance" xsi:noNamespaceSchemaLocation="https://maven.apache.org/surefire/maven-surefire-plugin/xsd/surefire-test-report.xsd" name="apiusercontroller.runner.GetRunner" time="9.368" tests="5" errors="0" skipped="0" failures="0">
  <properties>
[...]
</properties>
  <testcase name="Get user with no app-id" classname="Testing GET Method for API" time="3.055"/>
  <testcase name="Get user with invalid app-id" classname="Testing GET Method for API" time="0.557"/>
  <testcase name="Get user with valid app-id and invalid user ID" classname="Testing GET Method for API" time="0.172"/>
  <testcase name="Get user with valid app-id and valid user ID" classname="Testing GET Method for API" time="0.389"/>
  <testcase name="Get user with invalid user ID" classname="Testing GET Method for API" time="0.386"/>
</testsuite>