<?xml version="1.0" encoding="UTF-8"?>
<testsuite xmlns:xsi="http://www.w3.org/2001/XMLSchema-instance" xsi:noNamespaceSchemaLocation="https://maven.apache.org/surefire/maven-surefire-plugin/xsd/surefire-test-report.xsd" name="swaglabs.runner.TestRunner" time="44.634" tests="5" errors="0" skipped="0" failures="1">
  <properties>
[...]
</properties>
  <testcase name="Update user without providing app-id in the header" classname="Testing PUT Method for Update User" time="17.782"/>
  <testcase name="Update user by providing wrong app id in header" classname="Testing PUT Method for Update User" time="5.131"/>
  <testcase name="Update user firstName with 2 characters" classname="Testing PUT Method for Update User" time="4.981"/>
  <testcase name="Update user firstName with 50 characters" classname="Testing PUT Method for Update User" time="3.319"/>
  <testcase name="Update user data with title and gender fields using numbers" classname="Testing PUT Method for Update User" time="3.799">
    <failure message="Unexpected status code expected:&lt;400&gt; but was:&lt;200&gt;" type="java.lang.AssertionError"><![CDATA[java.lang.AssertionError: Unexpected status code expected:<400> but was:<200>
]]></failure>
    <system-err><![CDATA[Starting ChromeDriver 124.0.6367.207 (a9001a6e39fbaa559510ca866052950457dd4e6b-refs/branch-heads/6367_201@{#3}) on port 27815
Only local connections are allowed.
Please see https://chromedriver.chromium.org/security-considerations for suggestions on keeping ChromeDriver safe.
ChromeDriver was started successfully.
Jun 02, 2024 7:40:13 AM org.openqa.selenium.remote.ProtocolHandshake createSession
INFO: Detected dialect: W3C
[1717288815.107][SEVERE]: Unable to receive message from renderer
]]></system-err>
  </testcase>
</testsuite>